
<!DOCTYPE html>
<html>


<head>
	<meta charset='UTF-8' /> 
	<meta name='description' content='' />
	<meta name='robots' content='noodp, noydir' />
	<meta name='viewport' content='width=device-width, initial-scale=1' />
	<meta id="timeStampFormat" name="timeStampFormat" content='MMM d, yyyy hh:mm:ss a'/>
	
	<link href='https://fonts.googleapis.com/css?family=Source+Sans+Pro:400,600' rel='stylesheet' type='text/css'>
	<link href="https://fonts.googleapis.com/icon?family=Material+Icons" rel="stylesheet">

		<link href='https://cdn.rawgit.com/anshooarora/extentreports-java/0ef94479b1fc7c18041d6bbf1a8cfbfa321edc0a/dist/css/extent.css' type='text/css' rel='stylesheet' />
	
	<title>ExtentReports</title>

</head>

	<body class='extent standard default hide-overflow '>
		<div id='theme-selector' alt='Click to toggle theme. To enable by default, use theme configuration.' title='Click to toggle theme. To enable by default, use theme configuration.'>
			<span><i class='material-icons'>desktop_windows</i></span>
		</div>

<nav>
	<div class="nav-wrapper">
		<a href="#!" class="brand-logo blue darken-3">Extent</a>

		<!-- slideout menu -->
		<ul id='slide-out' class='side-nav fixed hide-on-med-and-down'>
			<li class='waves-effect active'><a href='#!' view='test-view' onclick="configureView(0);chartsView('test');"><i class='material-icons'>dashboard</i></a></li>
						<li class='waves-effect'><a href='#!' view='category-view' onclick="configureView(1)"><i class='material-icons'>label_outline</i></a></li>
			<li class='waves-effect'><a href='#!' view='exception-view' onclick="configureView(2)"><i class='material-icons'>bug_report</i></a></li>
			<li class='waves-effect'><a href='#!' onclick="configureView(-1);chartsView('dashboard');" view='dashboard-view'><i class='material-icons'>track_changes</i></i></a></li>
			<li class='waves-effect'><a href='#!' onclick="configureView(-1)" view='testrunner-logs-view'><i class='material-icons'>note</i></a></li>
		</ul>

		<!-- report name -->
		<span class='report-name'>Cucumber Automation Report</span>
		
		<!-- report headline -->
		<span class='report-headline'></span>

		<!-- nav-right -->
		<ul id='nav-mobile' class='right hide-on-med-and-down nav-right'>
			<li>
                <a href='#!'>
                    <span class='label suite-start-time blue darken-3'>Sep 2, 2017 11:01:13 AM</span>
				</a>
			</li>
			<li>
                <a href='#!'>
                    <span class='label blue darken-3'>v3.0.5</span>
				</a>
			</li>
		</ul>
	</div>
</nav>

		<!-- container -->
		<div class='container'>

<div id='test-view' class='view'>
				
	<section id='controls'>
		<div class='controls grey lighten-4'>
			<!-- test toggle -->
			<div class='chip transparent'>
				<a class='dropdown-button tests-toggle' data-activates='tests-toggle' data-constrainwidth='true' data-beloworigin='true' data-hover='true' href='#'>
					<i class='material-icons'>warning</i> Status
				</a>
				<ul id='tests-toggle' class='dropdown-content'>
											<li status='pass'><a href='#!'>Pass <i class='material-icons green-text'>check_circle</i></a></li>
						<li status='fail'><a href='#!'>Fail <i class='material-icons red-text'>cancel</i></a></li>
						<li status='skip'><a href='#!'>Skip <i class='material-icons cyan-text'>redo</i></a></li>
					<li class='divider'></li>
					<li status='clear' clear='true'><a href='#!'>Clear Filters <i class='material-icons'>clear</i></a></li>
				</ul>
			</div>
			<!-- test toggle -->

			<!-- category toggle -->
			<div class='chip transparent'>
				<a class='dropdown-button category-toggle' data-activates='category-toggle' data-constrainwidth='false' data-beloworigin='true' data-hover='true' href='#'>
					<i class='material-icons'>local_offer</i> Category
				</a>
				<ul id='category-toggle' class='dropdown-content'>
					<li><a href='#'>@test</a></li>
					<li class='divider'></li>
					<li class='clear'><a href='#!' clear='true'>Clear Filters</a></li>
				</ul>
			</div>
			<!-- category toggle -->

			<!-- clear filters -->
			<div class='chip transparent hide'>
				<a class='' id='clear-filters' alt='Clear Filters' title='Clear Filters'>
					<i class='material-icons'>close</i> Clear
				</a>
			</div>
			<!-- clear filters -->

			<!-- enable dashboard -->
			<div id='toggle-test-view-charts' class='chip transparent'>
				<a class='pink-text' id='enable-dashboard' alt='Enable Dashboard' title='Enable Dashboard'>
					<i class='material-icons'>track_changes</i> Dashboard
				</a>
			</div>
			<!-- enable dashboard -->

			<!-- search -->
			<div class='chip transparent' alt='Search Tests' title='Search Tests'>
				<a href="#" class='search-div'>
					<i class='material-icons'>search</i> Search
				</a>

				<div class='input-field left hide'>
					<input id='search-tests' type='text' class='validate browser-default' placeholder='Search Tests...'>
				</div>
				
			</div>
			<!-- search -->
		</div>
	</section>


<div id='test-view-charts' class='subview-full'>
	<div id='charts-row' class='row nm-v nm-h'>
		<div class='col s12 m6 l6 np-h'>
			<div class='card-panel nm-v'>
				<div class='left panel-name'>Tests</div>
				<div class='chart-box'>
					<canvas id='parent-analysis' width='100' height='80'></canvas>
				</div>
				<div class='block text-small'>
					<span class='tooltipped' data-position='top' data-tooltip='33.333%'><span class='strong'>3</span> test(s) passed</span>
				</div>
				<div class='block text-small'>
					<span class='strong tooltipped' data-position='top' data-tooltip='22.222%'>2</span> test(s) failed, <span class='strong tooltipped' data-position='top' data-tooltip='44.444%'>4</span> others
				</div>
			</div>
		</div>
		
		<div class='col s12 m6 l6 np-h'>
			<div class='card-panel nm-v'>
				<div class='left panel-name'>Steps</div>
				<div class='chart-box'>
					<canvas id='child-analysis' width='100' height='80'></canvas>
				</div>
				<div class='block text-small'>
					<span class='tooltipped' data-position='top' data-tooltip='33.333%'><span class='strong'>3</span> step(s) passed</span>
				</div>
				<div class='block text-small'>
					<span class='strong tooltipped' data-position='top' data-tooltip='22.222%'>2</span> step(s) failed, <span class='strong tooltipped' data-position='top' data-tooltip='44.444%'>4</span> others
				</div>
			</div>
		</div>
		
	</div>
</div>

	<div class='subview-left left'>
		
		<div class='view-summary'>
			<h5>Tests</h5>
			<ul id='test-collection' class='test-collection'>
				
				
				<li class='test displayed active has-leaf fail' status='fail' bdd='false' test-id='1'>
					<div class='test-heading'>
						<span class='test-name'>user should be able to Log in to application</span>
						<span class='test-time'>Sep 2, 2017 11:01:14 AM</span>
						<span class='test-status right fail'>fail</span>
					</div>
					<div class='test-content hide'>
<div class='test-time-info'>
	<span class='label start-time'>Sep 2, 2017 11:01:14 AM</span>
	<span class='label end-time'>Sep 2, 2017 11:01:19 AM</span>
	<span class='label time-taken grey lighten-1 white-text'>0h 0m 5s+120ms</span>
</div>
	<ul class='collapsible node-list' data-collapsible='accordion'>
		
				<li class='node level-1  fail' status='fail' test-id='2'>
					<div class='collapsible-header'>
						<div class='node-name'>Scenario: user should be able to Log in to application with valid credentials</div>						
						<span class='node-time'>Sep 2, 2017 11:01:14 AM</span>
						<span class='node-duration'>0h 0m 5s+105ms</span>
						<span class='test-status right fail'>fail</span>
					</div>
						<ul class='collapsible node-list' data-collapsible='accordion'>
				<li class='node level-2 leaf pass' status='pass' test-id='3'>
					<div class='collapsible-header'>
						<div class='node-name'>Given that user has completed Registration successfully</div>						
						<span class='node-time'>Sep 2, 2017 11:01:18 AM</span>
						<span class='node-duration'>0h 0m 0s+234ms</span>
						<span class='test-status right pass'>pass</span>
					</div>
						<div class='collapsible-body'>
								<div class='node-steps'>
									<table class='bordered table-results'>
										<thead>
											<tr>
												<th>Status</th>
												<th>Timestamp</th>
												<th>Details</th>
											</tr>
										</thead>
										<tbody>
												<tr class='log' status='pass'>
													<td class='status pass' title='pass' alt='pass'><i class='material-icons'>check_circle</i></td>
													<td class='timestamp'>11:01:19 AM</td>
													<td class='step-details'>passed</td>
												</tr>
										</tbody>
									</table>
								</div>
						</div>
				</li>
				<li class='node level-2 leaf pass' status='pass' test-id='4'>
					<div class='collapsible-header'>
						<div class='node-name'>And user is on Login page</div>						
						<span class='node-time'>Sep 2, 2017 11:01:19 AM</span>
						<span class='node-duration'>0h 0m 0s+0ms</span>
						<span class='test-status right pass'>pass</span>
					</div>
						<div class='collapsible-body'>
								<div class='node-steps'>
									<table class='bordered table-results'>
										<thead>
											<tr>
												<th>Status</th>
												<th>Timestamp</th>
												<th>Details</th>
											</tr>
										</thead>
										<tbody>
												<tr class='log' status='pass'>
													<td class='status pass' title='pass' alt='pass'><i class='material-icons'>check_circle</i></td>
													<td class='timestamp'>11:01:19 AM</td>
													<td class='step-details'>passed</td>
												</tr>
										</tbody>
									</table>
								</div>
						</div>
				</li>
				<li class='node level-2 leaf fail' status='fail' test-id='5'>
					<div class='collapsible-header'>
						<div class='node-name'>When user enters valid credentials</div>						
						<span class='node-time'>Sep 2, 2017 11:01:19 AM</span>
						<span class='node-duration'>0h 0m 0s+47ms</span>
						<span class='test-status right fail'>fail</span>
					</div>
						<div class='collapsible-body'>
								<div class='node-steps'>
									<table class='bordered table-results'>
										<thead>
											<tr>
												<th>Status</th>
												<th>Timestamp</th>
												<th>Details</th>
											</tr>
										</thead>
										<tbody>
												<tr class='log' status='fail'>
													<td class='status fail' title='fail' alt='fail'><i class='material-icons'>cancel</i></td>
													<td class='timestamp'>11:01:19 AM</td>
													<td class='step-details'><pre>org.openqa.selenium.NoSuchWindowException: Unable to find element on closed window (WARNING: The server did not provide any stacktrace information)
Command duration or timeout: 16 milliseconds
Build info: version: '2.53.1', revision: 'a36b8b1cd5757287168e54b817830adce9b0158d', time: '2016-06-30 19:26:09'
System info: host: 'E7440-PC', ip: '192.168.0.21', os.name: 'Windows 7', os.arch: 'amd64', os.version: '6.1', java.version: '1.8.0_101'
Driver info: org.openqa.selenium.ie.InternetExplorerDriver
Capabilities [{se:ieOptions={browserAttachTimeout=0, ie.enableFullPageScreenshot=true, enablePersistentHover=true, ie.forceCreateProcessApi=false, ie.forceShellWindowsApi=false, ignoreZoomSetting=false, ie.fileUploadDialogTimeout=3000, ie.useLegacyFileUploadDialogHandling=false, nativeEvents=true, ie.ensureCleanSession=false, elementScrollBehavior=0, ie.browserCommandLineSwitches=, requireWindowFocus=false, initialBrowserUrl=http://localhost:45802/, ignoreProtectedModeSettings=false, enableElementCacheCleanup=true}, browserName=internet explorer, pageLoadStrategy=normal, javascriptEnabled=true, version=11, platform=WINDOWS, unexpectedAlertBehaviour=dismiss}]
Session ID: a0a25715-8045-4545-8330-290e4385a0e5
*** Element info: {Using=link text, value=Register}
	at sun.reflect.NativeConstructorAccessorImpl.newInstance0(Native Method)
	at sun.reflect.NativeConstructorAccessorImpl.newInstance(NativeConstructorAccessorImpl.java:62)
	at sun.reflect.DelegatingConstructorAccessorImpl.newInstance(DelegatingConstructorAccessorImpl.java:45)
	at java.lang.reflect.Constructor.newInstance(Constructor.java:423)
	at org.openqa.selenium.remote.ErrorHandler.createThrowable(ErrorHandler.java:206)
	at org.openqa.selenium.remote.ErrorHandler.throwIfResponseFailed(ErrorHandler.java:158)
	at org.openqa.selenium.remote.RemoteWebDriver.execute(RemoteWebDriver.java:678)
	at org.openqa.selenium.remote.RemoteWebDriver.findElement(RemoteWebDriver.java:363)
	at org.openqa.selenium.remote.RemoteWebDriver.findElementByLinkText(RemoteWebDriver.java:428)
	at org.openqa.selenium.By$ByLinkText.findElement(By.java:246)
	at org.openqa.selenium.remote.RemoteWebDriver.findElement(RemoteWebDriver.java:355)
	at FinalCucumberTrial.Utils.myClick(Utils.java:19)
	at PageObjects.HomePage.clickOnRegisterButton(HomePage.java:33)
	at PageObjects.LogInPage.logIn(LogInPage.java:22)
	at FinalCucumberTrial.MyStepdefs.userEntersValidCredentials(MyStepdefs.java:208)
	at ✽.When user enters valid credentials(src/test/Resources/FinalCucumberTrial/Login.feature:7)
</pre></td>
												</tr>
										</tbody>
									</table>
								</div>
						</div>
				</li>
				<li class='node level-2 leaf skip' status='skip' test-id='6'>
					<div class='collapsible-header'>
						<div class='node-name'>Then user should be able to log in to application successfully</div>						
						<span class='node-time'>Sep 2, 2017 11:01:19 AM</span>
						<span class='node-duration'>0h 0m 0s+16ms</span>
						<span class='test-status right skip'>skip</span>
					</div>
						<div class='collapsible-body'>
								<div class='node-steps'>
									<table class='bordered table-results'>
										<thead>
											<tr>
												<th>Status</th>
												<th>Timestamp</th>
												<th>Details</th>
											</tr>
										</thead>
										<tbody>
												<tr class='log' status='skip'>
													<td class='status skip' title='skip' alt='skip'><i class='material-icons'>redo</i></td>
													<td class='timestamp'>11:01:19 AM</td>
													<td class='step-details'>skipped</td>
												</tr>
										</tbody>
									</table>
								</div>
						</div>
				</li>
				<li class='node level-2 leaf skip' status='skip' test-id='7'>
					<div class='collapsible-header'>
						<div class='node-name'>And user should see "Log out" button on top right of the page</div>						
						<span class='node-time'>Sep 2, 2017 11:01:19 AM</span>
						<span class='node-duration'>0h 0m 0s+0ms</span>
						<span class='test-status right skip'>skip</span>
					</div>
						<div class='collapsible-body'>
								<div class='node-steps'>
									<table class='bordered table-results'>
										<thead>
											<tr>
												<th>Status</th>
												<th>Timestamp</th>
												<th>Details</th>
											</tr>
										</thead>
										<tbody>
												<tr class='log' status='skip'>
													<td class='status skip' title='skip' alt='skip'><i class='material-icons'>redo</i></td>
													<td class='timestamp'>11:01:19 AM</td>
													<td class='step-details'>skipped</td>
												</tr>
										</tbody>
									</table>
								</div>
						</div>
				</li>
						</ul>
				</li>
	</ul>
					</div>
				</li>
				
				
				<li class='test displayed active has-leaf fail' status='fail' bdd='false' test-id='8'>
					<div class='test-heading'>
						<span class='test-name'>user should be able to do Registration</span>
						<span class='test-time'>Sep 2, 2017 11:01:19 AM</span>
						<span class='test-status right fail'>fail</span>
					</div>
					<div class='test-content hide'>
<div class='test-time-info'>
	<span class='label start-time'>Sep 2, 2017 11:01:19 AM</span>
	<span class='label end-time'>Sep 2, 2017 11:01:31 AM</span>
	<span class='label time-taken grey lighten-1 white-text'>0h 0m 12s+648ms</span>
</div>
	<ul class='collapsible node-list' data-collapsible='accordion'>
		
				<li class='node level-1  fail' status='fail' test-id='9'>
					<div class='collapsible-header'>
						<div class='node-name'>Scenario: user should be able to navigate to Register page</div>						
						<span class='node-time'>Sep 2, 2017 11:01:19 AM</span>
						<span class='node-duration'>0h 0m 12s+648ms</span>
						<span class='test-status right fail'>fail</span>
					</div>
						<ul class='collapsible node-list' data-collapsible='accordion'>
				<li class='node level-2 leaf pass' status='pass' test-id='10'>
					<div class='collapsible-header'>
						<div class='node-name'>Given user is on homepage</div>						
						<span class='node-time'>Sep 2, 2017 11:01:21 AM</span>
						<span class='node-duration'>0h 0m 0s+0ms</span>
						<span class='test-status right pass'>pass</span>
					</div>
						<div class='collapsible-body'>
								<div class='node-steps'>
									<table class='bordered table-results'>
										<thead>
											<tr>
												<th>Status</th>
												<th>Timestamp</th>
												<th>Details</th>
											</tr>
										</thead>
										<tbody>
												<tr class='log' status='pass'>
													<td class='status pass' title='pass' alt='pass'><i class='material-icons'>check_circle</i></td>
													<td class='timestamp'>11:01:21 AM</td>
													<td class='step-details'>passed</td>
												</tr>
										</tbody>
									</table>
								</div>
						</div>
				</li>
				<li class='node level-2 leaf fail' status='fail' test-id='11'>
					<div class='collapsible-header'>
						<div class='node-name'>When user click on Register button on homepage</div>						
						<span class='node-time'>Sep 2, 2017 11:01:21 AM</span>
						<span class='node-duration'>0h 0m 10s+144ms</span>
						<span class='test-status right fail'>fail</span>
					</div>
						<div class='collapsible-body'>
								<div class='node-steps'>
									<table class='bordered table-results'>
										<thead>
											<tr>
												<th>Status</th>
												<th>Timestamp</th>
												<th>Details</th>
											</tr>
										</thead>
										<tbody>
												<tr class='log' status='fail'>
													<td class='status fail' title='fail' alt='fail'><i class='material-icons'>cancel</i></td>
													<td class='timestamp'>11:01:31 AM</td>
													<td class='step-details'><pre>org.openqa.selenium.NoSuchElementException: Unable to find element with link text == Register (WARNING: The server did not provide any stacktrace information)
Command duration or timeout: 10.11 seconds
For documentation on this error, please visit: http://seleniumhq.org/exceptions/no_such_element.html
Build info: version: '2.53.1', revision: 'a36b8b1cd5757287168e54b817830adce9b0158d', time: '2016-06-30 19:26:09'
System info: host: 'E7440-PC', ip: '192.168.0.21', os.name: 'Windows 7', os.arch: 'amd64', os.version: '6.1', java.version: '1.8.0_101'
Driver info: org.openqa.selenium.ie.InternetExplorerDriver
Capabilities [{se:ieOptions={browserAttachTimeout=0, ie.enableFullPageScreenshot=true, enablePersistentHover=true, ie.forceCreateProcessApi=false, ie.forceShellWindowsApi=false, ignoreZoomSetting=false, ie.fileUploadDialogTimeout=3000, ie.useLegacyFileUploadDialogHandling=false, nativeEvents=true, ie.ensureCleanSession=false, elementScrollBehavior=0, ie.browserCommandLineSwitches=, requireWindowFocus=false, initialBrowserUrl=http://localhost:35227/, ignoreProtectedModeSettings=false, enableElementCacheCleanup=true}, browserName=internet explorer, pageLoadStrategy=normal, javascriptEnabled=true, version=11, platform=WINDOWS, unexpectedAlertBehaviour=dismiss}]
Session ID: 1be4a4f8-b6d6-416e-ad8e-5bb981a5fa6a
*** Element info: {Using=link text, value=Register}
	at sun.reflect.NativeConstructorAccessorImpl.newInstance0(Native Method)
	at sun.reflect.NativeConstructorAccessorImpl.newInstance(NativeConstructorAccessorImpl.java:62)
	at sun.reflect.DelegatingConstructorAccessorImpl.newInstance(DelegatingConstructorAccessorImpl.java:45)
	at java.lang.reflect.Constructor.newInstance(Constructor.java:423)
	at org.openqa.selenium.remote.ErrorHandler.createThrowable(ErrorHandler.java:206)
	at org.openqa.selenium.remote.ErrorHandler.throwIfResponseFailed(ErrorHandler.java:158)
	at org.openqa.selenium.remote.RemoteWebDriver.execute(RemoteWebDriver.java:678)
	at org.openqa.selenium.remote.RemoteWebDriver.findElement(RemoteWebDriver.java:363)
	at org.openqa.selenium.remote.RemoteWebDriver.findElementByLinkText(RemoteWebDriver.java:428)
	at org.openqa.selenium.By$ByLinkText.findElement(By.java:246)
	at org.openqa.selenium.remote.RemoteWebDriver.findElement(RemoteWebDriver.java:355)
	at FinalCucumberTrial.Utils.myClick(Utils.java:19)
	at PageObjects.HomePage.clickOnRegisterButton(HomePage.java:33)
	at FinalCucumberTrial.MyStepdefs.userClickOnRegisterButtonOnHomepage(MyStepdefs.java:41)
	at ✽.When user click on Register button on homepage(src/test/Resources/FinalCucumberTrial/Registration.feature:6)
</pre></td>
												</tr>
										</tbody>
									</table>
								</div>
						</div>
				</li>
				<li class='node level-2 leaf skip' status='skip' test-id='12'>
					<div class='collapsible-header'>
						<div class='node-name'>Then user should be navigated to Register page</div>						
						<span class='node-time'>Sep 2, 2017 11:01:31 AM</span>
						<span class='node-duration'>0h 0m 0s+0ms</span>
						<span class='test-status right skip'>skip</span>
					</div>
						<div class='collapsible-body'>
								<div class='node-steps'>
									<table class='bordered table-results'>
										<thead>
											<tr>
												<th>Status</th>
												<th>Timestamp</th>
												<th>Details</th>
											</tr>
										</thead>
										<tbody>
												<tr class='log' status='skip'>
													<td class='status skip' title='skip' alt='skip'><i class='material-icons'>redo</i></td>
													<td class='timestamp'>11:01:31 AM</td>
													<td class='step-details'>skipped</td>
												</tr>
										</tbody>
									</table>
								</div>
						</div>
				</li>
				<li class='node level-2 leaf skip' status='skip' test-id='13'>
					<div class='collapsible-header'>
						<div class='node-name'>And user should see "Register" message on Register page</div>						
						<span class='node-time'>Sep 2, 2017 11:01:31 AM</span>
						<span class='node-duration'>0h 0m 0s+0ms</span>
						<span class='test-status right skip'>skip</span>
					</div>
						<div class='collapsible-body'>
								<div class='node-steps'>
									<table class='bordered table-results'>
										<thead>
											<tr>
												<th>Status</th>
												<th>Timestamp</th>
												<th>Details</th>
											</tr>
										</thead>
										<tbody>
												<tr class='log' status='skip'>
													<td class='status skip' title='skip' alt='skip'><i class='material-icons'>redo</i></td>
													<td class='timestamp'>11:01:31 AM</td>
													<td class='step-details'>skipped</td>
												</tr>
										</tbody>
									</table>
								</div>
						</div>
				</li>
						</ul>
				</li>
	</ul>
					</div>
				</li>
			</ul>
		</div>
	</div>
	<!-- subview left -->

	<div class='subview-right left'>
		<div class='view-summary'>
			<h5 class='test-name'></h5>

			<div id='step-filters' class="right">
				<span class="blue-text" status="info" alt="info" title="info"><i class="material-icons">info_outline</i></span>
				<span class="green-text" status="pass" alt="pass" title="pass"><i class="material-icons">check_circle</i></span>
				<span class="red-text" status="fail" alt="fail" title="fail"><i class="material-icons">cancel</i></span>
				<span class="red-text text-darken-4" status="fatal" alt="fatal" title="fatal"><i class="material-icons">cancel</i></span>
				<span class="pink-text text-lighten-1" status="error" alt="error" title="error"><i class="material-icons">error</i></span>
				<span class="orange-text" alt="warning" status="warning" title="warning"><i class="material-icons">warning</i></span>
				<span class="teal-text" status="skip" alt="skip" title="skip"><i class="material-icons">redo</i></span>
				<span status="clear" alt="Clear filters" title="Clear filters"><i class="material-icons">clear</i></span>
			</div>
		</div>
	</div>
	<!-- subview right -->

</div>
<!-- test view -->
<div id='category-view' class='view hide'>

	<section id='controls'>
		<div class='controls grey lighten-4'>
			<!-- search -->
			<div class='chip transparent' alt='Search Tests' title='Search Tests'>
				<a href="#" class='search-div'>
					<i class='material-icons'>search</i> Search
				</a>
				
				<div class='input-field left hide'>
					<input id='search-tests' type='text' class='validate browser-default' placeholder='Search Tests...'>
				</div>
				
			</div>
			<!-- search -->
		</div>
	</section>

	<div class='subview-left left'>
		
		<div class='view-summary'>
			<h5>Categories</h3>
			<ul id='category-collection' class='category-collection'>
				
				<li class='category displayed active'>
					<div class='category-heading'>
						<span class='category-name'>@test</span>
						<span class='category-status right'>
							<span class='label fail'>2</span>
						</span>
					</div>
					<div class='category-content hide'>
						<div class='category-status-counts'>
							
							<span class='label red lighten-1 white-text'>Failed: 2</span>
							
						</div>
					
						<div class='category-tests'>
							<table class='bordered table-results'>
								<thead>
									<tr>
										<th>Timestamp</th>
										<th>TestName</th>
										<th>Status</th>
									</tr>
								</thead>
								<tbody>
									<tr>
										<td>Sep 2, 2017 11:01:14 AM</td>
										<td class='linked' test-id='2'>user should be able to Log in to application.Scenario: user should be able to Log in to application with valid credentials</td>
										<td><span class='test-status fail'>fail</span></td>
									</tr>
									<tr>
										<td>Sep 2, 2017 11:01:19 AM</td>
										<td class='linked' test-id='9'>user should be able to do Registration.Scenario: user should be able to navigate to Register page</td>
										<td><span class='test-status fail'>fail</span></td>
									</tr>
								</tbody>
							</table>
						</div>
					</div>
				</li>

			</ul>
		</div>
	</div>

	<div class='subview-right left'>
		<div class='view-summary'>
			<h5 class='category-name'></h5>
		</div>
	</div>
</div>
<!-- category view -->
<div id='exception-view' class='view hide'>

    <section id='controls'>
        <div class='controls grey lighten-4'>
            <!-- search -->
            <div class='chip transparent' alt='Search Tests' title='Search Tests'>
                <a href="#" class='search-div'>
                    <i class='material-icons'>search</i> Search
                </a>

                <div class='input-field left hide'>
                    <input id='search-tests' type='text' class='validate browser-default' placeholder='Search Tests...'>
                </div>

            </div>
            <!-- search -->
        </div>
    </section>

    <div class='subview-left left'>

        <div class='view-summary'>
            <h5>Exceptions</h3>
                <ul id='exception-collection' class='exception-collection'>

                        <li class='exception displayed active'>
                            <div class='exception-heading'>
                                <span class='exception-name'>org.openqa.selenium.NoSuchWindowException</span>
                                <span class='exception-count right'><span class='label red lighten-1 white-text'>1</span></span>
                            </div>
                            <div class='exception-content hide'>
                                <div class='exception-tests'>
                                    <table class='bordered table-results'>
                                        <thead>
                                        <tr>
                                            <th>Timestamp</th>
                                            <th>TestName</th>
                                            <th>Status</th>
                                        </tr>
                                        </thead>
                                        <tbody>
                                                    <tr>
                                                        <td>Sep 2, 2017 11:01:19 AM</td>
                                                        <td class='linked' test-id='5'>user should be able to Log in to application.Scenario: user should be able to Log in to application with valid credentials.When user enters valid credentials</td>
                                                        <td><pre><pre>org.openqa.selenium.NoSuchWindowException: Unable to find element on closed window (WARNING: The server did not provide any stacktrace information)
Command duration or timeout: 16 milliseconds
Build info: version: '2.53.1', revision: 'a36b8b1cd5757287168e54b817830adce9b0158d', time: '2016-06-30 19:26:09'
System info: host: 'E7440-PC', ip: '192.168.0.21', os.name: 'Windows 7', os.arch: 'amd64', os.version: '6.1', java.version: '1.8.0_101'
Driver info: org.openqa.selenium.ie.InternetExplorerDriver
Capabilities [{se:ieOptions={browserAttachTimeout=0, ie.enableFullPageScreenshot=true, enablePersistentHover=true, ie.forceCreateProcessApi=false, ie.forceShellWindowsApi=false, ignoreZoomSetting=false, ie.fileUploadDialogTimeout=3000, ie.useLegacyFileUploadDialogHandling=false, nativeEvents=true, ie.ensureCleanSession=false, elementScrollBehavior=0, ie.browserCommandLineSwitches=, requireWindowFocus=false, initialBrowserUrl=http://localhost:45802/, ignoreProtectedModeSettings=false, enableElementCacheCleanup=true}, browserName=internet explorer, pageLoadStrategy=normal, javascriptEnabled=true, version=11, platform=WINDOWS, unexpectedAlertBehaviour=dismiss}]
Session ID: a0a25715-8045-4545-8330-290e4385a0e5
*** Element info: {Using=link text, value=Register}
	at sun.reflect.NativeConstructorAccessorImpl.newInstance0(Native Method)
	at sun.reflect.NativeConstructorAccessorImpl.newInstance(NativeConstructorAccessorImpl.java:62)
	at sun.reflect.DelegatingConstructorAccessorImpl.newInstance(DelegatingConstructorAccessorImpl.java:45)
	at java.lang.reflect.Constructor.newInstance(Constructor.java:423)
	at org.openqa.selenium.remote.ErrorHandler.createThrowable(ErrorHandler.java:206)
	at org.openqa.selenium.remote.ErrorHandler.throwIfResponseFailed(ErrorHandler.java:158)
	at org.openqa.selenium.remote.RemoteWebDriver.execute(RemoteWebDriver.java:678)
	at org.openqa.selenium.remote.RemoteWebDriver.findElement(RemoteWebDriver.java:363)
	at org.openqa.selenium.remote.RemoteWebDriver.findElementByLinkText(RemoteWebDriver.java:428)
	at org.openqa.selenium.By$ByLinkText.findElement(By.java:246)
	at org.openqa.selenium.remote.RemoteWebDriver.findElement(RemoteWebDriver.java:355)
	at FinalCucumberTrial.Utils.myClick(Utils.java:19)
	at PageObjects.HomePage.clickOnRegisterButton(HomePage.java:33)
	at PageObjects.LogInPage.logIn(LogInPage.java:22)
	at FinalCucumberTrial.MyStepdefs.userEntersValidCredentials(MyStepdefs.java:208)
	at ✽.When user enters valid credentials(src/test/Resources/FinalCucumberTrial/Login.feature:7)
</pre></pre></td>
                                                    </tr>
                                        </tbody>
                                    </table>
                                </div>
                            </div>
                        </li>
                        <li class='exception displayed active'>
                            <div class='exception-heading'>
                                <span class='exception-name'>org.openqa.selenium.NoSuchElementException</span>
                                <span class='exception-count right'><span class='label red lighten-1 white-text'>1</span></span>
                            </div>
                            <div class='exception-content hide'>
                                <div class='exception-tests'>
                                    <table class='bordered table-results'>
                                        <thead>
                                        <tr>
                                            <th>Timestamp</th>
                                            <th>TestName</th>
                                            <th>Status</th>
                                        </tr>
                                        </thead>
                                        <tbody>
                                                    <tr>
                                                        <td>Sep 2, 2017 11:01:21 AM</td>
                                                        <td class='linked' test-id='11'>user should be able to do Registration.Scenario: user should be able to navigate to Register page.When user click on Register button on homepage</td>
                                                        <td><pre><pre>org.openqa.selenium.NoSuchElementException: Unable to find element with link text == Register (WARNING: The server did not provide any stacktrace information)
Command duration or timeout: 10.11 seconds
For documentation on this error, please visit: http://seleniumhq.org/exceptions/no_such_element.html
Build info: version: '2.53.1', revision: 'a36b8b1cd5757287168e54b817830adce9b0158d', time: '2016-06-30 19:26:09'
System info: host: 'E7440-PC', ip: '192.168.0.21', os.name: 'Windows 7', os.arch: 'amd64', os.version: '6.1', java.version: '1.8.0_101'
Driver info: org.openqa.selenium.ie.InternetExplorerDriver
Capabilities [{se:ieOptions={browserAttachTimeout=0, ie.enableFullPageScreenshot=true, enablePersistentHover=true, ie.forceCreateProcessApi=false, ie.forceShellWindowsApi=false, ignoreZoomSetting=false, ie.fileUploadDialogTimeout=3000, ie.useLegacyFileUploadDialogHandling=false, nativeEvents=true, ie.ensureCleanSession=false, elementScrollBehavior=0, ie.browserCommandLineSwitches=, requireWindowFocus=false, initialBrowserUrl=http://localhost:35227/, ignoreProtectedModeSettings=false, enableElementCacheCleanup=true}, browserName=internet explorer, pageLoadStrategy=normal, javascriptEnabled=true, version=11, platform=WINDOWS, unexpectedAlertBehaviour=dismiss}]
Session ID: 1be4a4f8-b6d6-416e-ad8e-5bb981a5fa6a
*** Element info: {Using=link text, value=Register}
	at sun.reflect.NativeConstructorAccessorImpl.newInstance0(Native Method)
	at sun.reflect.NativeConstructorAccessorImpl.newInstance(NativeConstructorAccessorImpl.java:62)
	at sun.reflect.DelegatingConstructorAccessorImpl.newInstance(DelegatingConstructorAccessorImpl.java:45)
	at java.lang.reflect.Constructor.newInstance(Constructor.java:423)
	at org.openqa.selenium.remote.ErrorHandler.createThrowable(ErrorHandler.java:206)
	at org.openqa.selenium.remote.ErrorHandler.throwIfResponseFailed(ErrorHandler.java:158)
	at org.openqa.selenium.remote.RemoteWebDriver.execute(RemoteWebDriver.java:678)
	at org.openqa.selenium.remote.RemoteWebDriver.findElement(RemoteWebDriver.java:363)
	at org.openqa.selenium.remote.RemoteWebDriver.findElementByLinkText(RemoteWebDriver.java:428)
	at org.openqa.selenium.By$ByLinkText.findElement(By.java:246)
	at org.openqa.selenium.remote.RemoteWebDriver.findElement(RemoteWebDriver.java:355)
	at FinalCucumberTrial.Utils.myClick(Utils.java:19)
	at PageObjects.HomePage.clickOnRegisterButton(HomePage.java:33)
	at FinalCucumberTrial.MyStepdefs.userClickOnRegisterButtonOnHomepage(MyStepdefs.java:41)
	at ✽.When user click on Register button on homepage(src/test/Resources/FinalCucumberTrial/Registration.feature:6)
</pre></pre></td>
                                                    </tr>
                                        </tbody>
                                    </table>
                                </div>
                            </div>
                        </li>
                </ul>
        </div>
    </div>

    <div class='subview-right left'>
        <div class='view-summary'>
            <h5 class='exception-name'></h5>
        </div>
    </div>
</div>
<!-- exception view -->
<div id='dashboard-view' class='view hide'>
	<div class='card-panel transparent np-v'>
		<h5>Dashboard</h5>

		<div class='row'>
			<div class='col s2'>
				<div class='card-panel r'>
					Tests
					<div class='panel-lead'>9</div>
				</div>
			</div>
			<div class='col s2'>
				<div class='card-panel r'>
					Steps
					<div class='panel-lead'>9</div>
				</div>
			</div>
			<div class='col s2'>
				<div class='card-panel r'>
					Start
					<div class='panel-lead'>Sep 2, 2017 11:01:13 AM</div>
				</div>
			</div>
			<div class='col s2'>
				<div class='card-panel r'>
			 		End
			 		<div class='panel-lead'>Sep 2, 2017 11:01:32 AM</div>
				</div>
			</div>
			<div class='col s2'>
				<div class='card-panel r'>
					Time Taken
					<div class='panel-lead'>18,282ms</div>
				</div>
			</div>
			<div class='col s4'>
				<div class='card-panel environment'>
					<span class='right label cyan white-text'>Environment</span><p>&nbsp;</p>
					
					<table>
						<tr>
							<th>Name</th>
							<th>Value</th>
						</tr>
							<tr>
								<td>user</td>
								<td>E7440</td>
							</tr>
							<tr>
								<td>32 Bit</td>
								<td>Windows 7</td>
							</tr>
							<tr>
								<td>2.53.1</td>
								<td>Selenium</td>
							</tr>
							<tr>
								<td>4.0.0</td>
								<td>Maven</td>
							</tr>
							<tr>
								<td>1.8.0_131</td>
								<td>Java Version</td>
							</tr>
					</table>
				</div>
			</div>
			<div class='col s4'>
				<div class='card-panel'>
					<span class='right label cyan white-text'>Categories</span><p>&nbsp;</p>
					
					<table>
						<tr>
							<th>Name</th>
							<th>Passed</th>
							<th>Failed</th>
							<th>Others</th>
						</tr>
						<tr>
							<td>@test</td>
							<td>0</td>
							<td>2</td>
							<td>0</td>
						</tr>
					</table>
				</div>
			</div>
		</div>
	</div>
</div>
<!-- dashboard view -->
<div id='testrunner-logs-view' class='view hide'>
	<div class='card-panel transparent np-v'>
		<h5>TestRunner Logs</h5>
		
		<div class='card-panel'>
				Cucumber Maven Test Runner
		</div>
	</div>
</div>
<!-- testrunner-logs view -->
		</div>
		<!-- container -->

		<script>
			var statusGroup = {
				passParent: 3,
				failParent: 2,
				fatalParent: 0,
				errorParent: 0,
				warningParent: 0,
				skipParent: 4,
				exceptionsParent: 6,
				
				passChild: 3,
				failChild: 2,
				fatalChild: 0,
				errorChild: 0,
				warningChild: 0,
				skipChild: 4,
				infoChild: 0,
				exceptionsChild: 6,
				
				passGrandChild: 0,
				failGrandChild: 0,
				fatalGrandChild: 0,
				errorGrandChild: 0,
				warningGrandChild: 0,
				skipGrandChild: 0,
				infoGrandChild: 0,
				exceptionsGrandChild: 0,
			};
		</script>
		
			<script src='https://cdn.rawgit.com/anshooarora/extentreports-java/29d2d3ec024c953e6341cb3e19e31b1035a8f556/dist/js/extent.js' type='text/javascript'></script>
		
		
	</body>
	
</html>
